
  .   ____          _            __ _ _
 /\\ / ___'_ __ _ _(_)_ __  __ _ \ \ \ \
( ( )\___ | '_ | '_| | '_ \/ _` | \ \ \ \
 \\/  ___)| |_)| | | | | || (_| |  ) ) ) )
  '  |____| .__|_| |_|_| |_\__, | / / / /
 =========|_|==============|___/=/_/_/_/

 :: Spring Boot ::                (v3.5.0)

2025-06-14T20:32:10.331-03:00  INFO 16612 --- [EurekaServer] [           main] c.c.c.ConfigServicePropertySourceLocator : Fetching config from server at : http://localhost:8888
2025-06-14T20:32:12.719-03:00  INFO 16612 --- [EurekaServer] [           main] c.c.c.ConfigServicePropertySourceLocator : Located environment: name=EurekaServer, profiles=[dev], label=null, version=859abe5e8c11cbe61842c510b8b6c2a0e7433f13, state=
2025-06-14T20:32:12.719-03:00  INFO 16612 --- [EurekaServer] [           main] b.c.PropertySourceBootstrapConfiguration : Located property source: [BootstrapPropertySource {name='bootstrapProperties-configClient'}, BootstrapPropertySource {name='bootstrapProperties-https://github.com/TomyAlberdi/MS-Book-Tracker-Config/EurekaServer.yml'}]
2025-06-14T20:32:12.729-03:00  INFO 16612 --- [EurekaServer] [           main] c.e.e.EurekaServerApplication            : The following 1 profile is active: "dev"
2025-06-14T20:32:13.553-03:00  INFO 16612 --- [EurekaServer] [           main] o.s.cloud.context.scope.GenericScope     : BeanFactory id=44ea7442-4a7d-36be-9a2f-9ef22801715b
2025-06-14T20:32:13.819-03:00  INFO 16612 --- [EurekaServer] [           main] o.s.b.w.embedded.tomcat.TomcatWebServer  : Tomcat initialized with port 8761 (http)
2025-06-14T20:32:13.839-03:00  INFO 16612 --- [EurekaServer] [           main] o.apache.catalina.core.StandardService   : Starting service [Tomcat]
2025-06-14T20:32:13.839-03:00  INFO 16612 --- [EurekaServer] [           main] o.apache.catalina.core.StandardEngine    : Starting Servlet engine: [Apache Tomcat/10.1.41]
2025-06-14T20:32:13.861-03:00  INFO 16612 --- [EurekaServer] [           main] o.a.c.c.C.[Tomcat].[localhost].[/]       : Initializing Spring embedded WebApplicationContext
2025-06-14T20:32:13.861-03:00  INFO 16612 --- [EurekaServer] [           main] w.s.c.ServletWebServerApplicationContext : Root WebApplicationContext: initialization completed in 1122 ms
2025-06-14T20:32:14.869-03:00  INFO 16612 --- [EurekaServer] [           main] c.n.d.provider.DiscoveryJerseyProvider   : Using JSON encoding codec LegacyJacksonJson
2025-06-14T20:32:14.869-03:00  INFO 16612 --- [EurekaServer] [           main] c.n.d.provider.DiscoveryJerseyProvider   : Using JSON decoding codec LegacyJacksonJson
2025-06-14T20:32:15.054-03:00  INFO 16612 --- [EurekaServer] [           main] c.n.d.provider.DiscoveryJerseyProvider   : Using XML encoding codec XStreamXml
2025-06-14T20:32:15.054-03:00  INFO 16612 --- [EurekaServer] [           main] c.n.d.provider.DiscoveryJerseyProvider   : Using XML decoding codec XStreamXml
2025-06-14T20:32:15.199-03:00  INFO 16612 --- [EurekaServer] [           main] o.s.v.b.OptionalValidatorFactoryBean     : Failed to set up a Bean Validation provider: jakarta.validation.NoProviderFoundException: Unable to create a Configuration, because no Jakarta Bean Validation provider could be found. Add a provider like Hibernate Validator (RI) to your classpath.
2025-06-14T20:32:16.000-03:00  WARN 16612 --- [EurekaServer] [           main] iguration$LoadBalancerCaffeineWarnLogger : Spring Cloud LoadBalancer is currently working with the default cache. While this cache implementation is useful for development and tests, it's recommended to use Caffeine cache in production.You can switch to using Caffeine cache, by adding it and org.springframework.cache.caffeine.CaffeineCacheManager to the classpath.
2025-06-14T20:32:16.019-03:00  INFO 16612 --- [EurekaServer] [           main] o.s.c.n.eureka.InstanceInfoFactory       : Setting initial instance status as: STARTING
2025-06-14T20:32:16.042-03:00  INFO 16612 --- [EurekaServer] [           main] com.netflix.discovery.DiscoveryClient    : Initializing Eureka in region us-east-1
2025-06-14T20:32:16.042-03:00  INFO 16612 --- [EurekaServer] [           main] com.netflix.discovery.DiscoveryClient    : Client configured to neither register nor query for data.
2025-06-14T20:32:16.042-03:00  INFO 16612 --- [EurekaServer] [           main] com.netflix.discovery.DiscoveryClient    : Discovery Client initialized at timestamp 1749943936042 with initial instances count: 0
2025-06-14T20:32:16.079-03:00  INFO 16612 --- [EurekaServer] [           main] c.n.eureka.DefaultEurekaServerContext    : Initializing ...
2025-06-14T20:32:16.079-03:00  WARN 16612 --- [EurekaServer] [           main] c.n.eureka.cluster.PeerEurekaNodes       : The replica size seems to be empty. Check the route 53 DNS Registry
2025-06-14T20:32:16.090-03:00  INFO 16612 --- [EurekaServer] [           main] c.n.e.registry.AbstractInstanceRegistry  : Finished initializing remote region registries. All known remote regions: []
2025-06-14T20:32:16.090-03:00  INFO 16612 --- [EurekaServer] [           main] c.n.eureka.DefaultEurekaServerContext    : Initialized
2025-06-14T20:32:16.099-03:00  INFO 16612 --- [EurekaServer] [           main] o.s.b.a.e.web.EndpointLinksResolver      : Exposing 1 endpoint beneath base path '/actuator'
2025-06-14T20:32:16.179-03:00  INFO 16612 --- [EurekaServer] [           main] o.s.c.n.e.s.EurekaServiceRegistry        : Registering application EUREKASERVER with eureka with status UP
2025-06-14T20:32:16.199-03:00  INFO 16612 --- [EurekaServer] [      Thread-10] o.s.c.n.e.server.EurekaServerBootstrap   : isAws returned false
2025-06-14T20:32:16.199-03:00  INFO 16612 --- [EurekaServer] [      Thread-10] o.s.c.n.e.server.EurekaServerBootstrap   : Initialized server context
2025-06-14T20:32:16.199-03:00  INFO 16612 --- [EurekaServer] [      Thread-10] c.n.e.r.PeerAwareInstanceRegistryImpl    : Got 1 instances from neighboring DS node
2025-06-14T20:32:16.199-03:00  INFO 16612 --- [EurekaServer] [      Thread-10] c.n.e.r.PeerAwareInstanceRegistryImpl    : Renew threshold is: 1
2025-06-14T20:32:16.199-03:00  INFO 16612 --- [EurekaServer] [      Thread-10] c.n.e.r.PeerAwareInstanceRegistryImpl    : Changing status to UP
2025-06-14T20:32:16.209-03:00  INFO 16612 --- [EurekaServer] [      Thread-10] e.s.EurekaServerInitializerConfiguration : Started Eureka Server
2025-06-14T20:32:16.219-03:00  INFO 16612 --- [EurekaServer] [           main] o.s.b.w.embedded.tomcat.TomcatWebServer  : Tomcat started on port 8761 (http) with context path '/'
2025-06-14T20:32:16.219-03:00  INFO 16612 --- [EurekaServer] [           main] .s.c.n.e.s.EurekaAutoServiceRegistration : Updating port to 8761
2025-06-14T20:32:16.284-03:00  INFO 16612 --- [EurekaServer] [           main] c.e.e.EurekaServerApplication            : Started EurekaServerApplication in 7.125 seconds (process running for 7.582)
2025-06-14T20:33:16.222-03:00  INFO 16612 --- [EurekaServer] [a-EvictionTimer] c.n.e.registry.AbstractInstanceRegistry  : Running the evict task with compensationTime 0ms
2025-06-14T20:33:44.499-03:00  INFO 16612 --- [EurekaServer] [ionShutdownHook] o.s.c.n.e.s.EurekaServiceRegistry        : Unregistering application EUREKASERVER with eureka with status DOWN
2025-06-14T20:33:44.511-03:00  INFO 16612 --- [EurekaServer] [ionShutdownHook] o.s.b.w.e.tomcat.GracefulShutdown        : Commencing graceful shutdown. Waiting for active requests to complete
2025-06-14T20:33:44.549-03:00  INFO 16612 --- [EurekaServer] [tomcat-shutdown] o.s.b.w.e.tomcat.GracefulShutdown        : Graceful shutdown complete
2025-06-14T20:33:44.549-03:00  INFO 16612 --- [EurekaServer] [ionShutdownHook] o.s.c.n.e.server.EurekaServerBootstrap   : Shutting down Eureka Server..
2025-06-14T20:33:44.549-03:00  INFO 16612 --- [EurekaServer] [ionShutdownHook] c.n.eureka.DefaultEurekaServerContext    : Shutting down ...
2025-06-14T20:33:44.549-03:00  INFO 16612 --- [EurekaServer] [ionShutdownHook] c.n.eureka.DefaultEurekaServerContext    : Shut down
2025-06-14T20:33:44.549-03:00  INFO 16612 --- [EurekaServer] [ionShutdownHook] o.s.c.n.e.server.EurekaServerBootstrap   : Eureka Service is now shutdown...
2025-06-14T20:33:44.549-03:00  INFO 16612 --- [EurekaServer] [ionShutdownHook] c.n.eureka.DefaultEurekaServerContext    : Shutting down ...
2025-06-14T20:33:44.549-03:00  INFO 16612 --- [EurekaServer] [ionShutdownHook] c.n.eureka.DefaultEurekaServerContext    : Shut down
2025-06-14T20:33:44.549-03:00  INFO 16612 --- [EurekaServer] [ionShutdownHook] com.netflix.discovery.DiscoveryClient    : Shutting down DiscoveryClient ...
2025-06-14T20:33:44.549-03:00  INFO 16612 --- [EurekaServer] [ionShutdownHook] com.netflix.discovery.DiscoveryClient    : Completed shut down of DiscoveryClient
